生成寶物類型: DokodemoDoor, 描述: 觸碰者獲得瞬身狀態
生成寶物類型: HealingPotion, 描述: 觸碰者獲得恢復狀態
生成寶物類型: DokodemoDoor, 描述: 觸碰者獲得瞬身狀態
生成寶物類型: DevilFruit, 描述: 觸碰者獲得混亂狀態
生成寶物類型: HealingPotion, 描述: 觸碰者獲得恢復狀態
生成寶物類型: DokodemoDoor, 描述: 觸碰者獲得瞬身狀態
生成寶物類型: Poison, 描述: 觸碰者獲得中毒狀態
生成寶物類型: AcceleratingPotion, 描述: 觸碰者獲得加速狀態
生成寶物類型: AcceleratingPotion, 描述: 觸碰者獲得加速狀態
生成寶物類型: Poison, 描述: 觸碰者獲得中毒狀態
------------------------------------------
　x　　　　　　　　
　　　x　　　　　M
　　　　x　　←　　
　　　　　　　　　　
　　　M　　　　x　
　　　　　xx　　　
　x　x　M　　M　
　　　M　　　　x　
　　M　　M　M　　
　　　x　　　M　M
------------------------------------------
Please choose a valid action from : [MOVE_UP, MOVE_DOWN, MOVE_LEFT, MOVE_RIGHT, ATTACK]
MOVE_RIGHT is not a move action.
